e:\project\cocos\projects\t150529\proj.win32\debug.win32\appdelegate.obj
e:\project\cocos\projects\t150529\proj.win32\debug.win32\main.obj
e:\project\cocos\projects\t150529\proj.win32\debug.win32\helloworldscene.obj
e:\project\cocos\projects\t150529\proj.win32\debug.win32\vc120.pdb
e:\project\cocos\projects\t150529\proj.win32\debug.win32\tback.obj
e:\project\cocos\projects\t150529\proj.win32\debug.win32\tmenu.obj
e:\project\cocos\projects\t150529\proj.win32\debug.win32\t01cpp11.obj
e:\project\cocos\projects\t150529\proj.win32\debug.win32\vc120.idb
e:\project\cocos\projects\t150529\proj.win32\debug.win32\t02vector.obj
e:\project\cocos\projects\t150529\proj.win32\debug.win32\t03map.obj
e:\project\cocos\projects\t150529\proj.win32\debug.win32\t04label.obj
e:\project\cocos\projects\t150529\proj.win32\debug.win32\t05touch.obj
e:\project\cocos\projects\t150529\proj.win32\debug.win32\t06box2d.obj
e:\project\cocos\projects\t150529\proj.win32\debug.win32\t07physicsworld.obj
e:\project\cocos\projects\t150529\proj.win32\debug.win32\t150529.ilk
e:\project\cocos\projects\t150529\proj.win32\debug.win32\t150529.exe
e:\project\cocos\projects\t150529\proj.win32\debug.win32\t150529.pdb
e:\project\cocos\projects\t150529\proj.win32\debug.win32\game.res
e:\project\cocos\projects\t150529\proj.win32\debug.win32\t150529.lib
e:\project\cocos\projects\t150529\proj.win32\debug.win32\t150529.exp
e:\project\cocos\projects\t150529\proj.win32\debug.win32\t150529.vcxprojresolveassemblyreference.cache
e:\project\cocos\projects\t150529\proj.win32\debug.win32\libcocos2d.exp
e:\project\cocos\projects\t150529\proj.win32\debug.win32\about.xml
e:\project\cocos\projects\t150529\proj.win32\debug.win32\new.xml
e:\project\cocos\projects\t150529\proj.win32\debug.win32\t150529.tlog\cl.command.1.tlog
e:\project\cocos\projects\t150529\proj.win32\debug.win32\t150529.tlog\cl.read.1.tlog
e:\project\cocos\projects\t150529\proj.win32\debug.win32\t150529.tlog\cl.write.1.tlog
e:\project\cocos\projects\t150529\proj.win32\debug.win32\t150529.tlog\link.command.1.tlog
e:\project\cocos\projects\t150529\proj.win32\debug.win32\t150529.tlog\link.read.1.tlog
e:\project\cocos\projects\t150529\proj.win32\debug.win32\t150529.tlog\link.write.1.tlog
e:\project\cocos\projects\t150529\proj.win32\debug.win32\t150529.tlog\rc.command.1.tlog
e:\project\cocos\projects\t150529\proj.win32\debug.win32\t150529.tlog\rc.read.1.tlog
e:\project\cocos\projects\t150529\proj.win32\debug.win32\t150529.tlog\rc.write.1.tlog
e:\project\cocos\projects\t150529\proj.win32\debug.win32\t150529.tlog\t150529.write.1u.tlog
